2025-07-05 15:25:22 - StealthScraper - INFO - [stealth_scraper.py:277] - Rotated stealth configuration
2025-07-05 15:25:22 - StealthScraper - INFO - [stealth_scraper.py:277] - Rotated stealth configuration
2025-07-05 15:25:22 - StealthScraper - INFO - [stealth_scraper.py:277] - Rotated stealth configuration
2025-07-05 15:25:22 - StealthScraper - INFO - [stealth_scraper.py:277] - Rotated stealth configuration
2025-07-05 15:25:22 - StealthScraper - INFO - [stealth_scraper.py:277] - Rotated stealth configuration
2025-07-05 15:25:22 - StealthScraper - INFO - [stealth_scraper.py:358] - Successfully scraped URL with requests (224015 chars)
2025-07-05 15:25:22 - StealthScraper - INFO - [stealth_scraper.py:277] - Rotated stealth configuration
2025-07-05 15:25:22 - StealthScraper - INFO - [stealth_scraper.py:358] - Successfully scraped URL with requests (114667 chars)
2025-07-05 15:25:22 - StealthScraper - INFO - [stealth_scraper.py:358] - Successfully scraped URL with requests (115442 chars)
2025-07-05 15:25:22 - StealthScraper - INFO - [stealth_scraper.py:358] - Successfully scraped URL with requests (11333 chars)
2025-07-05 15:25:22 - StealthScraper - INFO - [stealth_scraper.py:358] - Successfully scraped URL with requests (11333 chars)
2025-07-05 15:25:22 - StealthScraper - INFO - [stealth_scraper.py:358] - Successfully scraped URL with requests (11339 chars)
2025-07-05 15:25:22 - StealthScraper - INFO - [stealth_scraper.py:358] - Successfully scraped URL with requests (11339 chars)
2025-07-05 15:25:22 - StealthScraper - INFO - [stealth_scraper.py:358] - Successfully scraped URL with requests (228608 chars)
2025-07-05 15:25:22 - StealthScraper - INFO - [stealth_scraper.py:358] - Successfully scraped URL with requests (430926 chars)
2025-07-05 15:25:22 - StealthScraper - INFO - [stealth_scraper.py:358] - Successfully scraped URL with requests (11477 chars)
2025-07-05 15:25:22 - StealthScraper - INFO - [stealth_scraper.py:277] - Rotated stealth configuration
2025-07-05 15:25:22 - StealthScraper - INFO - [stealth_scraper.py:358] - Successfully scraped URL with requests (11357 chars)
2025-07-05 15:25:22 - StealthScraper - INFO - [stealth_scraper.py:277] - Rotated stealth configuration
2025-07-05 15:25:22 - StealthScraper - INFO - [stealth_scraper.py:358] - Successfully scraped URL with requests (11437 chars)
2025-07-05 15:25:22 - StealthScraper - INFO - [stealth_scraper.py:358] - Successfully scraped URL with requests (11399 chars)
2025-07-05 15:25:22 - StealthScraper - INFO - [stealth_scraper.py:358] - Successfully scraped URL with requests (11375 chars)
2025-07-05 15:25:22 - StealthScraper - INFO - [stealth_scraper.py:358] - Successfully scraped URL with requests (610860 chars)
2025-07-05 15:25:22 - StealthScraper - INFO - [stealth_scraper.py:358] - Successfully scraped URL with requests (227835 chars)
2025-07-05 15:25:22 - StealthScraper - INFO - [stealth_scraper.py:358] - Successfully scraped URL with requests (582249 chars)
2025-07-05 15:25:22 - StealthScraper - INFO - [stealth_scraper.py:358] - Successfully scraped URL with requests (227835 chars)
2025-07-05 15:25:22 - StealthScraper - INFO - [stealth_scraper.py:358] - Successfully scraped URL with requests (227835 chars)
2025-07-05 15:25:22 - StealthScraper - INFO - [stealth_scraper.py:358] - Successfully scraped URL with requests (582205 chars)
2025-07-05 15:25:22 - StealthScraper - INFO - [stealth_scraper.py:358] - Successfully scraped URL with requests (582249 chars)
2025-07-05 15:25:22 - StealthScraper - INFO - [stealth_scraper.py:358] - Successfully scraped URL with requests (343002 chars)
2025-07-05 15:25:22 - StealthScraper - INFO - [stealth_scraper.py:277] - Rotated stealth configuration
2025-07-05 15:25:22 - StealthScraper - INFO - [stealth_scraper.py:270] - Retry 2/3 after 1.7s delay
2025-07-05 15:25:22 - StealthScraper - INFO - [stealth_scraper.py:358] - Successfully scraped URL with requests (108409 chars)
2025-07-05 15:25:22 - StealthScraper - INFO - [stealth_scraper.py:270] - Retry 2/3 after 1.2s delay
2025-07-05 15:25:23 - StealthScraper - INFO - [stealth_scraper.py:358] - Successfully scraped URL with requests (356334 chars)
2025-07-05 15:25:23 - StealthScraper - INFO - [stealth_scraper.py:277] - Rotated stealth configuration
2025-07-05 15:25:23 - StealthScraper - INFO - [stealth_scraper.py:358] - Successfully scraped URL with requests (190304 chars)
2025-07-05 15:25:23 - StealthScraper - INFO - [stealth_scraper.py:358] - Successfully scraped URL with requests (340798 chars)
2025-07-05 15:25:23 - StealthScraper - INFO - [stealth_scraper.py:277] - Rotated stealth configuration
2025-07-05 15:25:23 - StealthScraper - INFO - [stealth_scraper.py:358] - Successfully scraped URL with requests (502601 chars)
2025-07-05 15:25:23 - StealthScraper - INFO - [stealth_scraper.py:358] - Successfully scraped URL with requests (146650 chars)
2025-07-05 15:25:23 - StealthScraper - INFO - [stealth_scraper.py:358] - Successfully scraped URL with requests (145734 chars)
2025-07-05 15:25:23 - StealthScraper - INFO - [stealth_scraper.py:358] - Successfully scraped URL with requests (717926 chars)
2025-07-05 15:25:23 - StealthScraper - INFO - [stealth_scraper.py:358] - Successfully scraped URL with requests (922302 chars)
2025-07-05 15:25:23 - StealthScraper - INFO - [stealth_scraper.py:270] - Retry 2/3 after 1.4s delay
2025-07-05 15:25:23 - StealthScraper - INFO - [stealth_scraper.py:358] - Successfully scraped URL with requests (909558 chars)
2025-07-05 15:25:23 - StealthScraper - INFO - [stealth_scraper.py:277] - Rotated stealth configuration
2025-07-05 15:25:23 - StealthScraper - INFO - [stealth_scraper.py:358] - Successfully scraped URL with requests (889589 chars)
2025-07-05 15:25:23 - StealthScraper - INFO - [stealth_scraper.py:358] - Successfully scraped URL with requests (976297 chars)
2025-07-05 15:25:23 - StealthScraper - INFO - [stealth_scraper.py:270] - Retry 2/3 after 2.0s delay
2025-07-05 15:25:23 - StealthScraper - INFO - [stealth_scraper.py:358] - Successfully scraped URL with requests (888268 chars)
2025-07-05 15:25:23 - StealthScraper - INFO - [stealth_scraper.py:358] - Successfully scraped URL with requests (685540 chars)
2025-07-05 15:25:23 - StealthScraper - INFO - [stealth_scraper.py:270] - Retry 2/3 after 1.8s delay
2025-07-05 15:25:24 - StealthScraper - INFO - [stealth_scraper.py:358] - Successfully scraped URL with requests (1016516 chars)
2025-07-05 15:25:24 - StealthScraper - INFO - [stealth_scraper.py:358] - Successfully scraped URL with requests (516927 chars)
2025-07-05 15:25:24 - StealthScraper - INFO - [stealth_scraper.py:270] - Retry 3/3 after 2.5s delay
2025-07-05 15:25:24 - StealthScraper - INFO - [stealth_scraper.py:358] - Successfully scraped URL with requests (180686 chars)
2025-07-05 15:25:24 - StealthScraper - INFO - [stealth_scraper.py:277] - Rotated stealth configuration
2025-07-05 15:25:24 - StealthScraper - INFO - [stealth_scraper.py:358] - Successfully scraped URL with requests (728780 chars)
2025-07-05 15:25:24 - StealthScraper - INFO - [stealth_scraper.py:277] - Rotated stealth configuration
2025-07-05 15:25:24 - StealthScraper - INFO - [stealth_scraper.py:358] - Successfully scraped URL with requests (185741 chars)
2025-07-05 15:25:24 - StealthScraper - INFO - [stealth_scraper.py:277] - Rotated stealth configuration
2025-07-05 15:25:24 - StealthScraper - INFO - [stealth_scraper.py:277] - Rotated stealth configuration
2025-07-05 15:25:24 - StealthScraper - INFO - [stealth_scraper.py:358] - Successfully scraped URL with requests (648743 chars)
2025-07-05 15:25:24 - StealthScraper - INFO - [stealth_scraper.py:358] - Successfully scraped URL with requests (574700 chars)
2025-07-05 15:25:25 - StealthScraper - INFO - [stealth_scraper.py:277] - Rotated stealth configuration
2025-07-05 15:25:25 - StealthScraper - INFO - [stealth_scraper.py:358] - Successfully scraped URL with requests (471212 chars)
2025-07-05 15:25:25 - StealthScraper - INFO - [stealth_scraper.py:277] - Rotated stealth configuration
2025-07-05 15:25:25 - StealthScraper - INFO - [stealth_scraper.py:358] - Successfully scraped URL with requests (158227 chars)
2025-07-05 15:25:25 - StealthScraper - INFO - [stealth_scraper.py:358] - Successfully scraped URL with requests (512829 chars)
2025-07-05 15:25:25 - StealthScraper - INFO - [stealth_scraper.py:358] - Successfully scraped URL with requests (129810 chars)
2025-07-05 15:25:25 - StealthScraper - INFO - [stealth_scraper.py:270] - Retry 3/3 after 1.8s delay
2025-07-05 15:25:25 - StealthScraper - INFO - [stealth_scraper.py:270] - Retry 3/3 after 2.3s delay
2025-07-05 15:25:25 - StealthScraper - INFO - [stealth_scraper.py:358] - Successfully scraped URL with requests (475176 chars)
2025-07-05 15:25:25 - StealthScraper - INFO - [stealth_scraper.py:277] - Rotated stealth configuration
2025-07-05 15:25:25 - StealthScraper - INFO - [stealth_scraper.py:358] - Successfully scraped URL with requests (92039 chars)
2025-07-05 15:25:26 - StealthScraper - INFO - [stealth_scraper.py:358] - Successfully scraped URL with requests (236443 chars)
2025-07-05 15:25:26 - StealthScraper - INFO - [stealth_scraper.py:277] - Rotated stealth configuration
2025-07-05 15:25:26 - StealthScraper - INFO - [stealth_scraper.py:270] - Retry 2/3 after 2.6s delay
2025-07-05 15:25:26 - StealthScraper - INFO - [stealth_scraper.py:358] - Successfully scraped URL with requests (692646 chars)
2025-07-05 15:25:26 - StealthScraper - INFO - [stealth_scraper.py:277] - Rotated stealth configuration
2025-07-05 15:25:26 - StealthScraper - INFO - [stealth_scraper.py:358] - Successfully scraped URL with requests (683273 chars)
2025-07-05 15:25:26 - StealthScraper - INFO - [stealth_scraper.py:270] - Retry 2/3 after 2.4s delay
2025-07-05 15:25:26 - StealthScraper - INFO - [stealth_scraper.py:270] - Retry 2/3 after 2.0s delay
2025-07-05 15:25:26 - StealthScraper - INFO - [stealth_scraper.py:358] - Successfully scraped URL with requests (692269 chars)
2025-07-05 15:25:26 - StealthScraper - INFO - [stealth_scraper.py:277] - Rotated stealth configuration
2025-07-05 15:25:26 - StealthScraper - INFO - [stealth_scraper.py:358] - Successfully scraped URL with requests (685461 chars)
2025-07-05 15:25:26 - StealthScraper - INFO - [stealth_scraper.py:244] - Requests failed, trying Firecrawl...
2025-07-05 15:25:26 - StealthScraper - INFO - [stealth_scraper.py:277] - Rotated stealth configuration
2025-07-05 15:25:26 - StealthScraper - WARNING - [stealth_scraper.py:304] - HTTP 403 error
2025-07-05 15:25:26 - StealthScraper - INFO - [stealth_scraper.py:244] - Requests failed, trying Firecrawl...
2025-07-05 15:25:27 - StealthScraper - INFO - [stealth_scraper.py:358] - Successfully scraped URL with requests (597913 chars)
2025-07-05 15:25:27 - StealthScraper - INFO - [stealth_scraper.py:358] - Successfully scraped URL with requests (1160411 chars)
2025-07-05 15:25:27 - StealthScraper - INFO - [stealth_scraper.py:358] - Successfully scraped URL with requests (1112496 chars)
2025-07-05 15:25:27 - StealthScraper - INFO - [stealth_scraper.py:358] - Successfully scraped URL with requests (1407038 chars)
2025-07-05 15:25:27 - StealthScraper - INFO - [stealth_scraper.py:277] - Rotated stealth configuration
2025-07-05 15:25:27 - StealthScraper - INFO - [stealth_scraper.py:244] - Requests failed, trying Firecrawl...
2025-07-05 15:25:27 - StealthScraper - INFO - [stealth_scraper.py:358] - Successfully scraped URL with requests (322060 chars)
2025-07-05 15:25:27 - StealthScraper - INFO - [stealth_scraper.py:358] - Successfully scraped URL with requests (330824 chars)
2025-07-05 15:25:27 - StealthScraper - INFO - [stealth_scraper.py:358] - Successfully scraped URL with requests (318232 chars)
2025-07-05 15:25:27 - StealthScraper - INFO - [stealth_scraper.py:358] - Successfully scraped URL with requests (335186 chars)
2025-07-05 15:25:28 - StealthScraper - INFO - [stealth_scraper.py:358] - Successfully scraped URL with requests (429530 chars)
2025-07-05 15:25:28 - StealthScraper - INFO - [stealth_scraper.py:358] - Successfully scraped URL with requests (139584 chars)
2025-07-05 15:25:28 - StealthScraper - INFO - [stealth_scraper.py:358] - Successfully scraped URL with requests (317281 chars)
2025-07-05 15:25:28 - StealthScraper - INFO - [stealth_scraper.py:358] - Successfully scraped URL with requests (339567 chars)
2025-07-05 15:25:28 - StealthScraper - INFO - [stealth_scraper.py:244] - Requests failed, trying Firecrawl...
2025-07-05 15:25:28 - StealthScraper - INFO - [stealth_scraper.py:358] - Successfully scraped URL with requests (332826 chars)
2025-07-05 15:25:28 - StealthScraper - INFO - [stealth_scraper.py:277] - Rotated stealth configuration
2025-07-05 15:25:28 - StealthScraper - INFO - [stealth_scraper.py:358] - Successfully scraped URL with requests (138150 chars)
2025-07-05 15:25:28 - StealthScraper - INFO - [stealth_scraper.py:358] - Successfully scraped URL with requests (137178 chars)
2025-07-05 15:25:28 - StealthScraper - INFO - [stealth_scraper.py:270] - Retry 3/3 after 1.9s delay
2025-07-05 15:25:28 - StealthScraper - INFO - [stealth_scraper.py:270] - Retry 3/3 after 1.4s delay
2025-07-05 15:25:28 - StealthScraper - INFO - [stealth_scraper.py:270] - Retry 3/3 after 1.8s delay
2025-07-05 15:25:28 - StealthScraper - INFO - [stealth_scraper.py:358] - Successfully scraped URL with requests (337808 chars)
2025-07-05 15:25:28 - StealthScraper - INFO - [stealth_scraper.py:358] - Successfully scraped URL with requests (315117 chars)
2025-07-05 15:25:29 - StealthScraper - INFO - [stealth_scraper.py:358] - Successfully scraped URL with requests (378850 chars)
2025-07-05 15:25:29 - StealthScraper - INFO - [stealth_scraper.py:358] - Successfully scraped URL with requests (323642 chars)
2025-07-05 15:25:30 - StealthScraper - INFO - [stealth_scraper.py:244] - Requests failed, trying Firecrawl...
2025-07-05 15:25:30 - StealthScraper - INFO - [stealth_scraper.py:358] - Successfully scraped URL with requests (315118 chars)
2025-07-05 15:25:30 - StealthScraper - INFO - [stealth_scraper.py:244] - Requests failed, trying Firecrawl...
2025-07-05 15:25:30 - StealthScraper - INFO - [stealth_scraper.py:358] - Successfully scraped URL with requests (331327 chars)
2025-07-05 15:25:30 - StealthScraper - INFO - [stealth_scraper.py:244] - Requests failed, trying Firecrawl...
2025-07-05 15:25:31 - StealthScraper - INFO - [stealth_scraper.py:358] - Successfully scraped URL with requests (53791 chars)
2025-07-05 15:34:23 - StealthScraper - INFO - [stealth_scraper.py:277] - Rotated stealth configuration
2025-07-05 15:34:23 - StealthScraper - INFO - [stealth_scraper.py:277] - Rotated stealth configuration
2025-07-05 15:34:23 - StealthScraper - INFO - [stealth_scraper.py:277] - Rotated stealth configuration
2025-07-05 15:34:23 - StealthScraper - INFO - [stealth_scraper.py:358] - Successfully scraped URL with requests (228608 chars)
2025-07-05 15:34:23 - StealthScraper - INFO - [stealth_scraper.py:277] - Rotated stealth configuration
2025-07-05 15:34:23 - StealthScraper - INFO - [stealth_scraper.py:358] - Successfully scraped URL with requests (114667 chars)
2025-07-05 15:34:23 - StealthScraper - INFO - [stealth_scraper.py:358] - Successfully scraped URL with requests (115442 chars)
2025-07-05 15:34:23 - StealthScraper - INFO - [stealth_scraper.py:277] - Rotated stealth configuration
2025-07-05 15:34:23 - StealthScraper - INFO - [stealth_scraper.py:358] - Successfully scraped URL with requests (224015 chars)
2025-07-05 15:34:23 - StealthScraper - INFO - [stealth_scraper.py:277] - Rotated stealth configuration
2025-07-05 15:34:23 - StealthScraper - INFO - [stealth_scraper.py:358] - Successfully scraped URL with requests (11333 chars)
2025-07-05 15:34:23 - StealthScraper - INFO - [stealth_scraper.py:358] - Successfully scraped URL with requests (11339 chars)
2025-07-05 15:34:23 - StealthScraper - INFO - [stealth_scraper.py:358] - Successfully scraped URL with requests (11333 chars)
2025-07-05 15:34:23 - StealthScraper - INFO - [stealth_scraper.py:358] - Successfully scraped URL with requests (11339 chars)
2025-07-05 15:34:23 - StealthScraper - INFO - [stealth_scraper.py:358] - Successfully scraped URL with requests (11357 chars)
2025-07-05 15:34:23 - StealthScraper - INFO - [stealth_scraper.py:358] - Successfully scraped URL with requests (11477 chars)
2025-07-05 15:34:23 - StealthScraper - INFO - [stealth_scraper.py:358] - Successfully scraped URL with requests (11437 chars)
2025-07-05 15:34:23 - StealthScraper - INFO - [stealth_scraper.py:358] - Successfully scraped URL with requests (11375 chars)
2025-07-05 15:34:23 - StealthScraper - INFO - [stealth_scraper.py:358] - Successfully scraped URL with requests (11399 chars)
2025-07-05 15:34:23 - StealthScraper - INFO - [stealth_scraper.py:358] - Successfully scraped URL with requests (430926 chars)
2025-07-05 15:34:23 - StealthScraper - INFO - [stealth_scraper.py:358] - Successfully scraped URL with requests (582249 chars)
2025-07-05 15:34:23 - StealthScraper - INFO - [stealth_scraper.py:277] - Rotated stealth configuration
2025-07-05 15:34:23 - StealthScraper - INFO - [stealth_scraper.py:358] - Successfully scraped URL with requests (227835 chars)
2025-07-05 15:34:23 - StealthScraper - INFO - [stealth_scraper.py:277] - Rotated stealth configuration
2025-07-05 15:34:23 - StealthScraper - INFO - [stealth_scraper.py:358] - Successfully scraped URL with requests (610860 chars)
2025-07-05 15:34:23 - StealthScraper - INFO - [stealth_scraper.py:358] - Successfully scraped URL with requests (227835 chars)
2025-07-05 15:34:23 - StealthScraper - INFO - [stealth_scraper.py:277] - Rotated stealth configuration
2025-07-05 15:34:23 - StealthScraper - INFO - [stealth_scraper.py:358] - Successfully scraped URL with requests (227835 chars)
2025-07-05 15:34:23 - StealthScraper - INFO - [stealth_scraper.py:358] - Successfully scraped URL with requests (582205 chars)
2025-07-05 15:34:23 - StealthScraper - INFO - [stealth_scraper.py:358] - Successfully scraped URL with requests (582249 chars)
2025-07-05 15:34:23 - StealthScraper - INFO - [stealth_scraper.py:270] - Retry 2/3 after 1.2s delay
2025-07-05 15:34:23 - StealthScraper - INFO - [stealth_scraper.py:270] - Retry 2/3 after 2.6s delay
2025-07-05 15:34:23 - StealthScraper - INFO - [stealth_scraper.py:270] - Retry 2/3 after 1.4s delay
2025-07-05 15:34:24 - StealthScraper - INFO - [stealth_scraper.py:270] - Retry 2/3 after 2.0s delay
2025-07-05 15:34:24 - StealthScraper - INFO - [stealth_scraper.py:358] - Successfully scraped URL with requests (108409 chars)
2025-07-05 15:34:24 - StealthScraper - INFO - [stealth_scraper.py:358] - Successfully scraped URL with requests (343002 chars)
2025-07-05 15:34:24 - StealthScraper - INFO - [stealth_scraper.py:358] - Successfully scraped URL with requests (502601 chars)
2025-07-05 15:34:24 - StealthScraper - INFO - [stealth_scraper.py:358] - Successfully scraped URL with requests (190304 chars)
2025-07-05 15:34:24 - StealthScraper - INFO - [stealth_scraper.py:358] - Successfully scraped URL with requests (146650 chars)
2025-07-05 15:34:24 - StealthScraper - INFO - [stealth_scraper.py:358] - Successfully scraped URL with requests (145734 chars)
2025-07-05 15:34:24 - StealthScraper - INFO - [stealth_scraper.py:277] - Rotated stealth configuration
2025-07-05 15:34:25 - StealthScraper - INFO - [stealth_scraper.py:358] - Successfully scraped URL with requests (888254 chars)
2025-07-05 15:34:25 - StealthScraper - INFO - [stealth_scraper.py:277] - Rotated stealth configuration
2025-07-05 15:34:25 - StealthScraper - INFO - [stealth_scraper.py:358] - Successfully scraped URL with requests (717925 chars)
2025-07-05 15:34:25 - StealthScraper - INFO - [stealth_scraper.py:277] - Rotated stealth configuration
2025-07-05 15:34:25 - StealthScraper - INFO - [stealth_scraper.py:358] - Successfully scraped URL with requests (889575 chars)
2025-07-05 15:34:25 - StealthScraper - INFO - [stealth_scraper.py:277] - Rotated stealth configuration
2025-07-05 15:34:25 - StealthScraper - INFO - [stealth_scraper.py:277] - Rotated stealth configuration
2025-07-05 15:34:25 - StealthScraper - INFO - [stealth_scraper.py:358] - Successfully scraped URL with requests (909558 chars)
2025-07-05 15:34:25 - StealthScraper - INFO - [stealth_scraper.py:358] - Successfully scraped URL with requests (922302 chars)
2025-07-05 15:34:25 - StealthScraper - INFO - [stealth_scraper.py:270] - Retry 2/3 after 2.1s delay
2025-07-05 15:34:25 - StealthScraper - INFO - [stealth_scraper.py:270] - Retry 2/3 after 1.1s delay
2025-07-05 15:34:25 - StealthScraper - INFO - [stealth_scraper.py:277] - Rotated stealth configuration
2025-07-05 15:34:25 - StealthScraper - INFO - [stealth_scraper.py:358] - Successfully scraped URL with requests (976297 chars)
2025-07-05 15:34:25 - StealthScraper - INFO - [stealth_scraper.py:277] - Rotated stealth configuration
2025-07-05 15:34:25 - StealthScraper - INFO - [stealth_scraper.py:358] - Successfully scraped URL with requests (1016510 chars)
2025-07-05 15:34:25 - StealthScraper - INFO - [stealth_scraper.py:358] - Successfully scraped URL with requests (685539 chars)
2025-07-05 15:34:25 - StealthScraper - INFO - [stealth_scraper.py:277] - Rotated stealth configuration
2025-07-05 15:34:25 - StealthScraper - INFO - [stealth_scraper.py:358] - Successfully scraped URL with requests (340798 chars)
2025-07-05 15:34:25 - StealthScraper - INFO - [stealth_scraper.py:277] - Rotated stealth configuration
2025-07-05 15:34:25 - StealthScraper - INFO - [stealth_scraper.py:270] - Retry 2/3 after 1.4s delay
2025-07-05 15:34:25 - StealthScraper - INFO - [stealth_scraper.py:270] - Retry 3/3 after 2.5s delay
2025-07-05 15:34:25 - StealthScraper - INFO - [stealth_scraper.py:270] - Retry 2/3 after 2.9s delay
2025-07-05 15:34:25 - StealthScraper - INFO - [stealth_scraper.py:358] - Successfully scraped URL with requests (728410 chars)
2025-07-05 15:34:25 - StealthScraper - INFO - [stealth_scraper.py:358] - Successfully scraped URL with requests (648374 chars)
2025-07-05 15:34:25 - StealthScraper - INFO - [stealth_scraper.py:358] - Successfully scraped URL with requests (180686 chars)
2025-07-05 15:34:26 - StealthScraper - INFO - [stealth_scraper.py:358] - Successfully scraped URL with requests (185741 chars)
2025-07-05 15:34:26 - StealthScraper - INFO - [stealth_scraper.py:277] - Rotated stealth configuration
2025-07-05 15:34:26 - StealthScraper - INFO - [stealth_scraper.py:277] - Rotated stealth configuration
2025-07-05 15:34:26 - StealthScraper - INFO - [stealth_scraper.py:358] - Successfully scraped URL with requests (574700 chars)
2025-07-05 15:34:26 - StealthScraper - INFO - [stealth_scraper.py:277] - Rotated stealth configuration
2025-07-05 15:34:26 - StealthScraper - INFO - [stealth_scraper.py:270] - Retry 3/3 after 2.5s delay
2025-07-05 15:34:26 - StealthScraper - INFO - [stealth_scraper.py:358] - Successfully scraped URL with requests (356334 chars)
2025-07-05 15:34:26 - StealthScraper - INFO - [stealth_scraper.py:270] - Retry 3/3 after 1.9s delay
2025-07-05 15:34:26 - StealthScraper - INFO - [stealth_scraper.py:277] - Rotated stealth configuration
2025-07-05 15:34:26 - StealthScraper - INFO - [stealth_scraper.py:277] - Rotated stealth configuration
2025-07-05 15:34:27 - StealthScraper - INFO - [stealth_scraper.py:270] - Retry 3/3 after 1.3s delay
2025-07-05 15:34:27 - StealthScraper - INFO - [stealth_scraper.py:358] - Successfully scraped URL with requests (130034 chars)
2025-07-05 15:34:27 - StealthScraper - INFO - [stealth_scraper.py:358] - Successfully scraped URL with requests (158227 chars)
2025-07-05 15:34:27 - StealthScraper - INFO - [stealth_scraper.py:277] - Rotated stealth configuration
2025-07-05 15:34:27 - StealthScraper - INFO - [stealth_scraper.py:358] - Successfully scraped URL with requests (429530 chars)
2025-07-05 15:34:27 - StealthScraper - INFO - [stealth_scraper.py:270] - Retry 3/3 after 1.5s delay
2025-07-05 15:34:27 - StealthScraper - INFO - [stealth_scraper.py:358] - Successfully scraped URL with requests (92018 chars)
2025-07-05 15:34:28 - StealthScraper - INFO - [stealth_scraper.py:358] - Successfully scraped URL with requests (475176 chars)
2025-07-05 15:34:28 - StealthScraper - INFO - [stealth_scraper.py:277] - Rotated stealth configuration
2025-07-05 15:34:28 - StealthScraper - INFO - [stealth_scraper.py:244] - Requests failed, trying Firecrawl...
2025-07-05 15:34:28 - StealthScraper - INFO - [stealth_scraper.py:358] - Successfully scraped URL with requests (692647 chars)
2025-07-05 15:34:28 - StealthScraper - INFO - [stealth_scraper.py:277] - Rotated stealth configuration
2025-07-05 15:34:28 - StealthScraper - INFO - [stealth_scraper.py:270] - Retry 2/3 after 1.2s delay
2025-07-05 15:34:28 - StealthScraper - INFO - [stealth_scraper.py:277] - Rotated stealth configuration
2025-07-05 15:34:28 - StealthScraper - INFO - [stealth_scraper.py:244] - Requests failed, trying Firecrawl...
2025-07-05 15:34:28 - StealthScraper - INFO - [stealth_scraper.py:270] - Retry 2/3 after 2.5s delay
2025-07-05 15:34:28 - StealthScraper - INFO - [stealth_scraper.py:358] - Successfully scraped URL with requests (236459 chars)
2025-07-05 15:34:28 - StealthScraper - INFO - [stealth_scraper.py:277] - Rotated stealth configuration
2025-07-05 15:34:28 - StealthScraper - INFO - [stealth_scraper.py:270] - Retry 3/3 after 1.4s delay
2025-07-05 15:34:28 - StealthScraper - INFO - [stealth_scraper.py:270] - Retry 2/3 after 1.1s delay
2025-07-05 15:34:28 - StealthScraper - INFO - [stealth_scraper.py:358] - Successfully scraped URL with requests (692269 chars)
2025-07-05 15:34:28 - StealthScraper - INFO - [stealth_scraper.py:277] - Rotated stealth configuration
2025-07-05 15:34:28 - StealthScraper - INFO - [stealth_scraper.py:244] - Requests failed, trying Firecrawl...
2025-07-05 15:34:28 - StealthScraper - INFO - [stealth_scraper.py:358] - Successfully scraped URL with requests (683273 chars)
2025-07-05 15:34:28 - StealthScraper - WARNING - [stealth_scraper.py:304] - HTTP 403 error
2025-07-05 15:34:28 - StealthScraper - INFO - [stealth_scraper.py:244] - Requests failed, trying Firecrawl...
2025-07-05 15:34:28 - StealthScraper - INFO - [stealth_scraper.py:244] - Requests failed, trying Firecrawl...
2025-07-05 15:34:28 - StealthScraper - INFO - [stealth_scraper.py:277] - Rotated stealth configuration
2025-07-05 15:34:28 - StealthScraper - INFO - [stealth_scraper.py:358] - Successfully scraped URL with requests (685462 chars)
2025-07-05 15:34:28 - StealthScraper - INFO - [stealth_scraper.py:244] - Requests failed, trying Firecrawl...
2025-07-05 15:34:28 - StealthScraper - INFO - [stealth_scraper.py:277] - Rotated stealth configuration
2025-07-05 15:34:29 - StealthScraper - INFO - [stealth_scraper.py:358] - Successfully scraped URL with requests (1160411 chars)
2025-07-05 15:34:29 - StealthScraper - INFO - [stealth_scraper.py:277] - Rotated stealth configuration
2025-07-05 15:34:29 - StealthScraper - INFO - [stealth_scraper.py:358] - Successfully scraped URL with requests (1112496 chars)
2025-07-05 15:34:29 - StealthScraper - INFO - [stealth_scraper.py:358] - Successfully scraped URL with requests (597913 chars)
2025-07-05 15:34:29 - StealthScraper - INFO - [stealth_scraper.py:358] - Successfully scraped URL with requests (1407039 chars)
2025-07-05 15:34:29 - StealthScraper - INFO - [stealth_scraper.py:358] - Successfully scraped URL with requests (322060 chars)
2025-07-05 15:34:29 - StealthScraper - INFO - [stealth_scraper.py:277] - Rotated stealth configuration
2025-07-05 15:34:29 - StealthScraper - INFO - [stealth_scraper.py:270] - Retry 3/3 after 1.3s delay
2025-07-05 15:34:29 - StealthScraper - INFO - [stealth_scraper.py:358] - Successfully scraped URL with requests (330824 chars)
2025-07-05 15:34:29 - StealthScraper - INFO - [stealth_scraper.py:277] - Rotated stealth configuration
2025-07-05 15:34:29 - StealthScraper - INFO - [stealth_scraper.py:270] - Retry 3/3 after 2.6s delay
2025-07-05 15:34:29 - StealthScraper - INFO - [stealth_scraper.py:358] - Successfully scraped URL with requests (318232 chars)
2025-07-05 15:34:29 - StealthScraper - INFO - [stealth_scraper.py:358] - Successfully scraped URL with requests (335186 chars)
2025-07-05 15:34:30 - StealthScraper - INFO - [stealth_scraper.py:358] - Successfully scraped URL with requests (139583 chars)
2025-07-05 15:34:30 - StealthScraper - INFO - [stealth_scraper.py:277] - Rotated stealth configuration
2025-07-05 15:34:30 - StealthScraper - INFO - [stealth_scraper.py:244] - Requests failed, trying Firecrawl...
2025-07-05 15:34:30 - StealthScraper - INFO - [stealth_scraper.py:277] - Rotated stealth configuration
2025-07-05 15:34:30 - StealthScraper - INFO - [stealth_scraper.py:358] - Successfully scraped URL with requests (137177 chars)
2025-07-05 15:34:30 - StealthScraper - INFO - [stealth_scraper.py:358] - Successfully scraped URL with requests (317281 chars)
2025-07-05 15:34:30 - StealthScraper - INFO - [stealth_scraper.py:358] - Successfully scraped URL with requests (138149 chars)
2025-07-05 15:34:30 - StealthScraper - INFO - [stealth_scraper.py:358] - Successfully scraped URL with requests (339567 chars)
2025-07-05 15:34:30 - StealthScraper - INFO - [stealth_scraper.py:277] - Rotated stealth configuration
2025-07-05 15:34:30 - StealthScraper - INFO - [stealth_scraper.py:358] - Successfully scraped URL with requests (332826 chars)
2025-07-05 15:34:30 - StealthScraper - INFO - [stealth_scraper.py:358] - Successfully scraped URL with requests (315117 chars)
2025-07-05 15:34:30 - StealthScraper - INFO - [stealth_scraper.py:358] - Successfully scraped URL with requests (315117 chars)
2025-07-05 15:34:30 - StealthScraper - INFO - [stealth_scraper.py:358] - Successfully scraped URL with requests (378850 chars)
2025-07-05 15:34:30 - StealthScraper - INFO - [stealth_scraper.py:358] - Successfully scraped URL with requests (53791 chars)
2025-07-05 15:34:31 - StealthScraper - INFO - [stealth_scraper.py:270] - Retry 3/3 after 3.0s delay
2025-07-05 15:34:31 - StealthScraper - INFO - [stealth_scraper.py:244] - Requests failed, trying Firecrawl...
2025-07-05 15:34:31 - StealthScraper - INFO - [stealth_scraper.py:358] - Successfully scraped URL with requests (323642 chars)
2025-07-05 15:34:32 - StealthScraper - INFO - [stealth_scraper.py:358] - Successfully scraped URL with requests (337809 chars)
2025-07-05 15:34:32 - StealthScraper - INFO - [stealth_scraper.py:244] - Requests failed, trying Firecrawl...
2025-07-05 15:34:32 - StealthScraper - INFO - [stealth_scraper.py:358] - Successfully scraped URL with requests (331327 chars)
2025-07-05 15:34:34 - StealthScraper - INFO - [stealth_scraper.py:244] - Requests failed, trying Firecrawl...
