2025-07-05 12:17:04 - StealthScraper - INFO - [stealth_scraper.py:276] - Rotated stealth configuration
2025-07-05 12:17:04 - StealthScraper - INFO - [stealth_scraper.py:276] - Rotated stealth configuration
2025-07-05 12:17:04 - StealthScraper - INFO - [stealth_scraper.py:276] - Rotated stealth configuration
2025-07-05 12:17:04 - StealthScraper - INFO - [stealth_scraper.py:276] - Rotated stealth configuration
2025-07-05 12:17:04 - StealthScraper - INFO - [stealth_scraper.py:276] - Rotated stealth configuration
2025-07-05 12:17:04 - StealthScraper - INFO - [stealth_scraper.py:276] - Rotated stealth configuration
2025-07-05 12:17:04 - StealthScraper - INFO - [stealth_scraper.py:354] - Successfully scraped URL with requests (224015 chars)
2025-07-05 12:17:04 - StealthScraper - INFO - [stealth_scraper.py:354] - Successfully scraped URL with requests (228608 chars)
2025-07-05 12:17:04 - StealthScraper - INFO - [stealth_scraper.py:276] - Rotated stealth configuration
2025-07-05 12:17:04 - StealthScraper - INFO - [stealth_scraper.py:354] - Successfully scraped URL with requests (114667 chars)
2025-07-05 12:17:04 - StealthScraper - INFO - [stealth_scraper.py:276] - Rotated stealth configuration
2025-07-05 12:17:04 - StealthScraper - INFO - [stealth_scraper.py:354] - Successfully scraped URL with requests (115442 chars)
2025-07-05 12:17:04 - StealthScraper - INFO - [stealth_scraper.py:354] - Successfully scraped URL with requests (430926 chars)
2025-07-05 12:17:04 - StealthScraper - INFO - [stealth_scraper.py:276] - Rotated stealth configuration
2025-07-05 12:17:04 - StealthScraper - INFO - [stealth_scraper.py:354] - Successfully scraped URL with requests (11333 chars)
2025-07-05 12:17:04 - StealthScraper - INFO - [stealth_scraper.py:354] - Successfully scraped URL with requests (11339 chars)
2025-07-05 12:17:04 - StealthScraper - INFO - [stealth_scraper.py:354] - Successfully scraped URL with requests (11333 chars)
2025-07-05 12:17:04 - StealthScraper - INFO - [stealth_scraper.py:354] - Successfully scraped URL with requests (11339 chars)
2025-07-05 12:17:04 - StealthScraper - INFO - [stealth_scraper.py:354] - Successfully scraped URL with requests (11357 chars)
2025-07-05 12:17:04 - StealthScraper - INFO - [stealth_scraper.py:276] - Rotated stealth configuration
2025-07-05 12:17:04 - StealthScraper - INFO - [stealth_scraper.py:354] - Successfully scraped URL with requests (11477 chars)
2025-07-05 12:17:04 - StealthScraper - INFO - [stealth_scraper.py:354] - Successfully scraped URL with requests (11437 chars)
2025-07-05 12:17:04 - StealthScraper - INFO - [stealth_scraper.py:276] - Rotated stealth configuration
2025-07-05 12:17:04 - StealthScraper - INFO - [stealth_scraper.py:354] - Successfully scraped URL with requests (11399 chars)
2025-07-05 12:17:04 - StealthScraper - INFO - [stealth_scraper.py:354] - Successfully scraped URL with requests (11375 chars)
2025-07-05 12:17:04 - StealthScraper - INFO - [stealth_scraper.py:354] - Successfully scraped URL with requests (610860 chars)
2025-07-05 12:17:04 - StealthScraper - INFO - [stealth_scraper.py:354] - Successfully scraped URL with requests (582249 chars)
2025-07-05 12:17:04 - StealthScraper - INFO - [stealth_scraper.py:269] - Retry 2/3 after 1.4s delay
2025-07-05 12:17:04 - StealthScraper - INFO - [stealth_scraper.py:269] - Retry 2/3 after 2.5s delay
2025-07-05 12:17:04 - StealthScraper - INFO - [stealth_scraper.py:354] - Successfully scraped URL with requests (145734 chars)
2025-07-05 12:17:04 - StealthScraper - INFO - [stealth_scraper.py:354] - Successfully scraped URL with requests (227835 chars)
2025-07-05 12:17:04 - StealthScraper - INFO - [stealth_scraper.py:354] - Successfully scraped URL with requests (227835 chars)
2025-07-05 12:17:04 - StealthScraper - INFO - [stealth_scraper.py:269] - Retry 2/3 after 2.4s delay
2025-07-05 12:17:04 - StealthScraper - INFO - [stealth_scraper.py:354] - Successfully scraped URL with requests (227835 chars)
2025-07-05 12:17:04 - StealthScraper - INFO - [stealth_scraper.py:354] - Successfully scraped URL with requests (582205 chars)
2025-07-05 12:17:04 - StealthScraper - INFO - [stealth_scraper.py:354] - Successfully scraped URL with requests (582249 chars)
2025-07-05 12:17:04 - StealthScraper - INFO - [stealth_scraper.py:269] - Retry 2/3 after 1.2s delay
2025-07-05 12:17:04 - StealthScraper - INFO - [stealth_scraper.py:269] - Retry 2/3 after 2.9s delay
2025-07-05 12:17:04 - StealthScraper - INFO - [stealth_scraper.py:354] - Successfully scraped URL with requests (343002 chars)
2025-07-05 12:17:04 - StealthScraper - INFO - [stealth_scraper.py:354] - Successfully scraped URL with requests (108409 chars)
2025-07-05 12:17:04 - StealthScraper - INFO - [stealth_scraper.py:354] - Successfully scraped URL with requests (190304 chars)
2025-07-05 12:17:04 - StealthScraper - INFO - [stealth_scraper.py:354] - Successfully scraped URL with requests (146650 chars)
2025-07-05 12:17:05 - StealthScraper - INFO - [stealth_scraper.py:354] - Successfully scraped URL with requests (889578 chars)
2025-07-05 12:17:05 - StealthScraper - INFO - [stealth_scraper.py:276] - Rotated stealth configuration
2025-07-05 12:17:05 - StealthScraper - INFO - [stealth_scraper.py:354] - Successfully scraped URL with requests (888256 chars)
2025-07-05 12:17:05 - StealthScraper - INFO - [stealth_scraper.py:354] - Successfully scraped URL with requests (922290 chars)
2025-07-05 12:17:05 - StealthScraper - INFO - [stealth_scraper.py:354] - Successfully scraped URL with requests (909547 chars)
2025-07-05 12:17:05 - StealthScraper - INFO - [stealth_scraper.py:354] - Successfully scraped URL with requests (718312 chars)
2025-07-05 12:17:05 - StealthScraper - INFO - [stealth_scraper.py:269] - Retry 2/3 after 2.5s delay
2025-07-05 12:17:05 - StealthScraper - INFO - [stealth_scraper.py:276] - Rotated stealth configuration
2025-07-05 12:17:05 - StealthScraper - INFO - [stealth_scraper.py:354] - Successfully scraped URL with requests (1016881 chars)
2025-07-05 12:17:05 - StealthScraper - INFO - [stealth_scraper.py:276] - Rotated stealth configuration
2025-07-05 12:17:05 - StealthScraper - INFO - [stealth_scraper.py:269] - Retry 3/3 after 1.7s delay
2025-07-05 12:17:06 - StealthScraper - INFO - [stealth_scraper.py:354] - Successfully scraped URL with requests (976669 chars)
2025-07-05 12:17:06 - StealthScraper - INFO - [stealth_scraper.py:269] - Retry 2/3 after 2.8s delay
2025-07-05 12:17:06 - StealthScraper - INFO - [stealth_scraper.py:354] - Successfully scraped URL with requests (685911 chars)
2025-07-05 12:17:06 - StealthScraper - INFO - [stealth_scraper.py:269] - Retry 3/3 after 2.0s delay
2025-07-05 12:17:06 - StealthScraper - INFO - [stealth_scraper.py:269] - Retry 2/3 after 2.6s delay
2025-07-05 12:17:06 - StealthScraper - INFO - [stealth_scraper.py:354] - Successfully scraped URL with requests (648375 chars)
2025-07-05 12:17:06 - StealthScraper - INFO - [stealth_scraper.py:354] - Successfully scraped URL with requests (728411 chars)
2025-07-05 12:17:06 - StealthScraper - INFO - [stealth_scraper.py:269] - Retry 2/3 after 2.4s delay
2025-07-05 12:17:07 - StealthScraper - INFO - [stealth_scraper.py:269] - Retry 3/3 after 2.9s delay
2025-07-05 12:17:07 - StealthScraper - INFO - [stealth_scraper.py:269] - Retry 3/3 after 1.2s delay
2025-07-05 12:17:07 - StealthScraper - INFO - [stealth_scraper.py:243] - Requests failed, trying Firecrawl...
2025-07-05 12:17:07 - StealthScraper - INFO - [stealth_scraper.py:269] - Retry 3/3 after 1.3s delay
2025-07-05 12:17:07 - StealthScraper - INFO - [stealth_scraper.py:354] - Successfully scraped URL with requests (180686 chars)
2025-07-05 12:17:07 - StealthScraper - INFO - [stealth_scraper.py:276] - Rotated stealth configuration
2025-07-05 12:17:07 - StealthScraper - INFO - [stealth_scraper.py:354] - Successfully scraped URL with requests (185741 chars)
2025-07-05 12:17:07 - StealthScraper - INFO - [stealth_scraper.py:276] - Rotated stealth configuration
2025-07-05 12:17:08 - StealthScraper - INFO - [stealth_scraper.py:243] - Requests failed, trying Firecrawl...
2025-07-05 12:17:08 - StealthScraper - INFO - [stealth_scraper.py:243] - Requests failed, trying Firecrawl...
2025-07-05 12:17:08 - StealthScraper - INFO - [stealth_scraper.py:269] - Retry 3/3 after 2.1s delay
2025-07-05 12:17:08 - StealthScraper - INFO - [stealth_scraper.py:354] - Successfully scraped URL with requests (574700 chars)
2025-07-05 12:17:08 - StealthScraper - INFO - [stealth_scraper.py:276] - Rotated stealth configuration
2025-07-05 12:17:08 - StealthScraper - INFO - [stealth_scraper.py:269] - Retry 3/3 after 2.0s delay
2025-07-05 12:17:08 - StealthScraper - INFO - [stealth_scraper.py:269] - Retry 3/3 after 2.5s delay
2025-07-05 12:17:09 - StealthScraper - INFO - [stealth_scraper.py:354] - Successfully scraped URL with requests (129956 chars)
2025-07-05 12:17:09 - StealthScraper - INFO - [stealth_scraper.py:276] - Rotated stealth configuration
2025-07-05 12:17:09 - StealthScraper - INFO - [stealth_scraper.py:354] - Successfully scraped URL with requests (158227 chars)
2025-07-05 12:17:09 - StealthScraper - INFO - [stealth_scraper.py:269] - Retry 3/3 after 2.7s delay
2025-07-05 12:17:09 - StealthScraper - INFO - [stealth_scraper.py:243] - Requests failed, trying Firecrawl...
2025-07-05 12:17:09 - StealthScraper - INFO - [stealth_scraper.py:276] - Rotated stealth configuration
2025-07-05 12:17:09 - StealthScraper - INFO - [stealth_scraper.py:354] - Successfully scraped URL with requests (429530 chars)
2025-07-05 12:17:09 - StealthScraper - INFO - [stealth_scraper.py:354] - Successfully scraped URL with requests (92051 chars)
2025-07-05 12:17:09 - StealthScraper - INFO - [stealth_scraper.py:354] - Successfully scraped URL with requests (475176 chars)
2025-07-05 12:17:09 - StealthScraper - INFO - [stealth_scraper.py:276] - Rotated stealth configuration
2025-07-05 12:17:09 - StealthScraper - INFO - [stealth_scraper.py:354] - Successfully scraped URL with requests (693018 chars)
2025-07-05 12:17:10 - StealthScraper - INFO - [stealth_scraper.py:269] - Retry 2/3 after 2.1s delay
2025-07-05 12:17:10 - StealthScraper - INFO - [stealth_scraper.py:354] - Successfully scraped URL with requests (236455 chars)
2025-07-05 12:17:10 - StealthScraper - INFO - [stealth_scraper.py:276] - Rotated stealth configuration
2025-07-05 12:17:10 - StealthScraper - INFO - [stealth_scraper.py:243] - Requests failed, trying Firecrawl...
2025-07-05 12:17:10 - StealthScraper - INFO - [stealth_scraper.py:354] - Successfully scraped URL with requests (692640 chars)
2025-07-05 12:17:10 - StealthScraper - INFO - [stealth_scraper.py:269] - Retry 2/3 after 2.6s delay
2025-07-05 12:17:10 - StealthScraper - INFO - [stealth_scraper.py:354] - Successfully scraped URL with requests (683644 chars)
2025-07-05 12:17:10 - StealthScraper - INFO - [stealth_scraper.py:269] - Retry 2/3 after 2.5s delay
2025-07-05 12:17:10 - StealthScraper - WARNING - [stealth_scraper.py:302] - HTTP 403 error
2025-07-05 12:17:10 - StealthScraper - INFO - [stealth_scraper.py:243] - Requests failed, trying Firecrawl...
2025-07-05 12:17:10 - StealthScraper - INFO - [stealth_scraper.py:354] - Successfully scraped URL with requests (685463 chars)
2025-07-05 12:17:10 - StealthScraper - INFO - [stealth_scraper.py:354] - Successfully scraped URL with requests (1112497 chars)
2025-07-05 12:17:10 - StealthScraper - INFO - [stealth_scraper.py:243] - Requests failed, trying Firecrawl...
2025-07-05 12:17:10 - StealthScraper - INFO - [stealth_scraper.py:354] - Successfully scraped URL with requests (1407041 chars)
2025-07-05 12:17:10 - StealthScraper - INFO - [stealth_scraper.py:276] - Rotated stealth configuration
2025-07-05 12:17:10 - StealthScraper - INFO - [stealth_scraper.py:354] - Successfully scraped URL with requests (1160412 chars)
2025-07-05 12:17:10 - StealthScraper - INFO - [stealth_scraper.py:354] - Successfully scraped URL with requests (597913 chars)
2025-07-05 12:17:10 - StealthScraper - INFO - [stealth_scraper.py:276] - Rotated stealth configuration
2025-07-05 12:17:10 - StealthScraper - INFO - [stealth_scraper.py:243] - Requests failed, trying Firecrawl...
2025-07-05 12:17:10 - StealthScraper - INFO - [stealth_scraper.py:276] - Rotated stealth configuration
2025-07-05 12:17:11 - StealthScraper - INFO - [stealth_scraper.py:354] - Successfully scraped URL with requests (317486 chars)
2025-07-05 12:17:11 - StealthScraper - INFO - [stealth_scraper.py:276] - Rotated stealth configuration
2025-07-05 12:17:11 - StealthScraper - INFO - [stealth_scraper.py:354] - Successfully scraped URL with requests (330824 chars)
2025-07-05 12:17:11 - StealthScraper - INFO - [stealth_scraper.py:276] - Rotated stealth configuration
2025-07-05 12:17:11 - StealthScraper - INFO - [stealth_scraper.py:354] - Successfully scraped URL with requests (335186 chars)
2025-07-05 12:17:11 - StealthScraper - INFO - [stealth_scraper.py:354] - Successfully scraped URL with requests (322060 chars)
2025-07-05 12:17:11 - StealthScraper - INFO - [stealth_scraper.py:276] - Rotated stealth configuration
2025-07-05 12:17:11 - StealthScraper - INFO - [stealth_scraper.py:354] - Successfully scraped URL with requests (317281 chars)
2025-07-05 12:17:11 - StealthScraper - INFO - [stealth_scraper.py:243] - Requests failed, trying Firecrawl...
2025-07-05 12:17:11 - StealthScraper - INFO - [stealth_scraper.py:354] - Successfully scraped URL with requests (139584 chars)
2025-07-05 12:17:11 - StealthScraper - INFO - [stealth_scraper.py:276] - Rotated stealth configuration
2025-07-05 12:17:11 - StealthScraper - INFO - [stealth_scraper.py:354] - Successfully scraped URL with requests (137176 chars)
2025-07-05 12:17:11 - StealthScraper - INFO - [stealth_scraper.py:354] - Successfully scraped URL with requests (138149 chars)
2025-07-05 12:17:11 - StealthScraper - INFO - [stealth_scraper.py:276] - Rotated stealth configuration
2025-07-05 12:17:11 - StealthScraper - INFO - [stealth_scraper.py:354] - Successfully scraped URL with requests (315117 chars)
2025-07-05 12:17:11 - StealthScraper - INFO - [stealth_scraper.py:276] - Rotated stealth configuration
2025-07-05 12:17:11 - StealthScraper - INFO - [stealth_scraper.py:243] - Requests failed, trying Firecrawl...
2025-07-05 12:17:11 - StealthScraper - INFO - [stealth_scraper.py:276] - Rotated stealth configuration
2025-07-05 12:17:12 - StealthScraper - INFO - [stealth_scraper.py:354] - Successfully scraped URL with requests (337808 chars)
2025-07-05 12:17:12 - StealthScraper - INFO - [stealth_scraper.py:276] - Rotated stealth configuration
2025-07-05 12:17:12 - StealthScraper - INFO - [stealth_scraper.py:354] - Successfully scraped URL with requests (378850 chars)
2025-07-05 12:17:12 - StealthScraper - INFO - [stealth_scraper.py:269] - Retry 3/3 after 2.1s delay
2025-07-05 12:17:12 - StealthScraper - INFO - [stealth_scraper.py:354] - Successfully scraped URL with requests (331267 chars)
2025-07-05 12:17:12 - StealthScraper - INFO - [stealth_scraper.py:354] - Successfully scraped URL with requests (53791 chars)
2025-07-05 12:17:12 - StealthScraper - INFO - [stealth_scraper.py:269] - Retry 3/3 after 1.4s delay
2025-07-05 12:17:12 - StealthScraper - INFO - [stealth_scraper.py:269] - Retry 3/3 after 2.1s delay
2025-07-05 12:17:12 - StealthScraper - INFO - [stealth_scraper.py:354] - Successfully scraped URL with requests (323642 chars)
2025-07-05 12:17:13 - StealthScraper - INFO - [stealth_scraper.py:354] - Successfully scraped URL with requests (339568 chars)
2025-07-05 12:17:13 - StealthScraper - INFO - [stealth_scraper.py:354] - Successfully scraped URL with requests (315118 chars)
2025-07-05 12:17:14 - StealthScraper - INFO - [stealth_scraper.py:354] - Successfully scraped URL with requests (331327 chars)
2025-07-05 12:17:14 - StealthScraper - INFO - [stealth_scraper.py:276] - Rotated stealth configuration
2025-07-05 12:17:14 - StealthScraper - INFO - [stealth_scraper.py:243] - Requests failed, trying Firecrawl...
2025-07-05 12:17:14 - StealthScraper - INFO - [stealth_scraper.py:243] - Requests failed, trying Firecrawl...
2025-07-05 12:17:14 - StealthScraper - INFO - [stealth_scraper.py:243] - Requests failed, trying Firecrawl...
