2025-07-05 15:14:45 - StealthScraper - INFO - [stealth_scraper.py:277] - Rotated stealth configuration
2025-07-05 15:14:45 - StealthScraper - INFO - [stealth_scraper.py:277] - Rotated stealth configuration
2025-07-05 15:14:45 - StealthScraper - INFO - [stealth_scraper.py:277] - Rotated stealth configuration
2025-07-05 15:14:45 - StealthScraper - INFO - [stealth_scraper.py:358] - Successfully scraped URL with requests (115442 chars)
2025-07-05 15:14:45 - StealthScraper - INFO - [stealth_scraper.py:358] - Successfully scraped URL with requests (114667 chars)
2025-07-05 15:14:45 - StealthScraper - INFO - [stealth_scraper.py:277] - Rotated stealth configuration
2025-07-05 15:14:45 - StealthScraper - INFO - [stealth_scraper.py:358] - Successfully scraped URL with requests (11333 chars)
2025-07-05 15:14:45 - StealthScraper - INFO - [stealth_scraper.py:277] - Rotated stealth configuration
2025-07-05 15:14:45 - StealthScraper - INFO - [stealth_scraper.py:358] - Successfully scraped URL with requests (228608 chars)
2025-07-05 15:14:46 - StealthScraper - INFO - [stealth_scraper.py:358] - Successfully scraped URL with requests (11333 chars)
2025-07-05 15:14:46 - StealthScraper - INFO - [stealth_scraper.py:277] - Rotated stealth configuration
2025-07-05 15:14:46 - StealthScraper - INFO - [stealth_scraper.py:358] - Successfully scraped URL with requests (11339 chars)
2025-07-05 15:14:46 - StealthScraper - INFO - [stealth_scraper.py:358] - Successfully scraped URL with requests (224015 chars)
2025-07-05 15:14:46 - StealthScraper - INFO - [stealth_scraper.py:358] - Successfully scraped URL with requests (11339 chars)
2025-07-05 15:14:46 - StealthScraper - INFO - [stealth_scraper.py:358] - Successfully scraped URL with requests (11357 chars)
2025-07-05 15:14:46 - StealthScraper - INFO - [stealth_scraper.py:277] - Rotated stealth configuration
2025-07-05 15:14:46 - StealthScraper - INFO - [stealth_scraper.py:358] - Successfully scraped URL with requests (430926 chars)
2025-07-05 15:14:46 - StealthScraper - INFO - [stealth_scraper.py:358] - Successfully scraped URL with requests (11437 chars)
2025-07-05 15:14:46 - StealthScraper - INFO - [stealth_scraper.py:358] - Successfully scraped URL with requests (108409 chars)
2025-07-05 15:14:46 - StealthScraper - INFO - [stealth_scraper.py:358] - Successfully scraped URL with requests (11375 chars)
2025-07-05 15:14:46 - StealthScraper - INFO - [stealth_scraper.py:358] - Successfully scraped URL with requests (11477 chars)
2025-07-05 15:14:46 - StealthScraper - INFO - [stealth_scraper.py:358] - Successfully scraped URL with requests (11399 chars)
2025-07-05 15:14:46 - StealthScraper - INFO - [stealth_scraper.py:358] - Successfully scraped URL with requests (582249 chars)
2025-07-05 15:14:46 - StealthScraper - INFO - [stealth_scraper.py:358] - Successfully scraped URL with requests (610860 chars)
2025-07-05 15:14:46 - StealthScraper - INFO - [stealth_scraper.py:358] - Successfully scraped URL with requests (227835 chars)
2025-07-05 15:14:46 - StealthScraper - INFO - [stealth_scraper.py:358] - Successfully scraped URL with requests (227835 chars)
2025-07-05 15:14:46 - StealthScraper - INFO - [stealth_scraper.py:358] - Successfully scraped URL with requests (227835 chars)
2025-07-05 15:14:46 - StealthScraper - INFO - [stealth_scraper.py:358] - Successfully scraped URL with requests (343002 chars)
2025-07-05 15:14:46 - StealthScraper - INFO - [stealth_scraper.py:358] - Successfully scraped URL with requests (582205 chars)
2025-07-05 15:14:46 - StealthScraper - INFO - [stealth_scraper.py:358] - Successfully scraped URL with requests (582249 chars)
2025-07-05 15:14:46 - StealthScraper - INFO - [stealth_scraper.py:277] - Rotated stealth configuration
2025-07-05 15:14:46 - StealthScraper - INFO - [stealth_scraper.py:358] - Successfully scraped URL with requests (340798 chars)
2025-07-05 15:14:46 - StealthScraper - INFO - [stealth_scraper.py:277] - Rotated stealth configuration
2025-07-05 15:14:46 - StealthScraper - INFO - [stealth_scraper.py:358] - Successfully scraped URL with requests (502601 chars)
2025-07-05 15:14:46 - StealthScraper - INFO - [stealth_scraper.py:358] - Successfully scraped URL with requests (190304 chars)
2025-07-05 15:14:46 - StealthScraper - INFO - [stealth_scraper.py:277] - Rotated stealth configuration
2025-07-05 15:14:46 - StealthScraper - INFO - [stealth_scraper.py:358] - Successfully scraped URL with requests (145734 chars)
2025-07-05 15:14:46 - StealthScraper - INFO - [stealth_scraper.py:358] - Successfully scraped URL with requests (146650 chars)
2025-07-05 15:14:46 - StealthScraper - INFO - [stealth_scraper.py:358] - Successfully scraped URL with requests (356334 chars)
2025-07-05 15:14:46 - StealthScraper - INFO - [stealth_scraper.py:277] - Rotated stealth configuration
2025-07-05 15:14:47 - StealthScraper - INFO - [stealth_scraper.py:358] - Successfully scraped URL with requests (471212 chars)
2025-07-05 15:14:47 - StealthScraper - INFO - [stealth_scraper.py:358] - Successfully scraped URL with requests (718295 chars)
2025-07-05 15:14:47 - StealthScraper - INFO - [stealth_scraper.py:358] - Successfully scraped URL with requests (564967 chars)
2025-07-05 15:14:47 - StealthScraper - INFO - [stealth_scraper.py:277] - Rotated stealth configuration
2025-07-05 15:14:47 - StealthScraper - INFO - [stealth_scraper.py:358] - Successfully scraped URL with requests (909558 chars)
2025-07-05 15:14:47 - StealthScraper - INFO - [stealth_scraper.py:358] - Successfully scraped URL with requests (1016880 chars)
2025-07-05 15:14:47 - StealthScraper - INFO - [stealth_scraper.py:358] - Successfully scraped URL with requests (889958 chars)
2025-07-05 15:14:47 - StealthScraper - INFO - [stealth_scraper.py:277] - Rotated stealth configuration
2025-07-05 15:14:47 - StealthScraper - INFO - [stealth_scraper.py:358] - Successfully scraped URL with requests (888268 chars)
2025-07-05 15:14:47 - StealthScraper - INFO - [stealth_scraper.py:358] - Successfully scraped URL with requests (976296 chars)
2025-07-05 15:14:47 - StealthScraper - INFO - [stealth_scraper.py:358] - Successfully scraped URL with requests (922302 chars)
2025-07-05 15:14:47 - StealthScraper - INFO - [stealth_scraper.py:358] - Successfully scraped URL with requests (180686 chars)
2025-07-05 15:14:47 - StealthScraper - INFO - [stealth_scraper.py:358] - Successfully scraped URL with requests (685539 chars)
2025-07-05 15:14:47 - StealthScraper - INFO - [stealth_scraper.py:277] - Rotated stealth configuration
2025-07-05 15:14:47 - StealthScraper - INFO - [stealth_scraper.py:358] - Successfully scraped URL with requests (185741 chars)
2025-07-05 15:14:47 - StealthScraper - INFO - [stealth_scraper.py:358] - Successfully scraped URL with requests (728780 chars)
2025-07-05 15:14:47 - StealthScraper - INFO - [stealth_scraper.py:358] - Successfully scraped URL with requests (648374 chars)
2025-07-05 15:14:48 - StealthScraper - INFO - [stealth_scraper.py:358] - Successfully scraped URL with requests (574700 chars)
2025-07-05 15:14:48 - StealthScraper - INFO - [stealth_scraper.py:358] - Successfully scraped URL with requests (158227 chars)
2025-07-05 15:14:48 - StealthScraper - INFO - [stealth_scraper.py:277] - Rotated stealth configuration
2025-07-05 15:14:49 - StealthScraper - INFO - [stealth_scraper.py:358] - Successfully scraped URL with requests (130086 chars)
2025-07-05 15:14:49 - StealthScraper - INFO - [stealth_scraper.py:270] - Retry 2/3 after 2.6s delay
2025-07-05 15:14:49 - StealthScraper - INFO - [stealth_scraper.py:358] - Successfully scraped URL with requests (475176 chars)
2025-07-05 15:14:49 - StealthScraper - INFO - [stealth_scraper.py:358] - Successfully scraped URL with requests (92049 chars)
2025-07-05 15:14:49 - StealthScraper - INFO - [stealth_scraper.py:277] - Rotated stealth configuration
2025-07-05 15:14:49 - StealthScraper - INFO - [stealth_scraper.py:358] - Successfully scraped URL with requests (516927 chars)
2025-07-05 15:14:49 - StealthScraper - INFO - [stealth_scraper.py:358] - Successfully scraped URL with requests (667558 chars)
2025-07-05 15:14:49 - StealthScraper - INFO - [stealth_scraper.py:358] - Successfully scraped URL with requests (512829 chars)
2025-07-05 15:14:49 - StealthScraper - INFO - [stealth_scraper.py:277] - Rotated stealth configuration
2025-07-05 15:14:49 - StealthScraper - INFO - [stealth_scraper.py:358] - Successfully scraped URL with requests (683272 chars)
2025-07-05 15:14:49 - StealthScraper - INFO - [stealth_scraper.py:277] - Rotated stealth configuration
2025-07-05 15:14:49 - StealthScraper - INFO - [stealth_scraper.py:358] - Successfully scraped URL with requests (692647 chars)
2025-07-05 15:14:49 - StealthScraper - INFO - [stealth_scraper.py:277] - Rotated stealth configuration
2025-07-05 15:14:49 - StealthScraper - INFO - [stealth_scraper.py:358] - Successfully scraped URL with requests (692268 chars)
2025-07-05 15:14:49 - StealthScraper - INFO - [stealth_scraper.py:358] - Successfully scraped URL with requests (236453 chars)
2025-07-05 15:14:49 - StealthScraper - INFO - [stealth_scraper.py:358] - Successfully scraped URL with requests (685462 chars)
2025-07-05 15:14:50 - StealthScraper - WARNING - [stealth_scraper.py:304] - HTTP 403 error
2025-07-05 15:14:50 - StealthScraper - INFO - [stealth_scraper.py:244] - Requests failed, trying Firecrawl...
2025-07-05 15:14:50 - StealthScraper - INFO - [stealth_scraper.py:277] - Rotated stealth configuration
2025-07-05 15:14:50 - StealthScraper - INFO - [stealth_scraper.py:358] - Successfully scraped URL with requests (429530 chars)
2025-07-05 15:14:50 - StealthScraper - INFO - [stealth_scraper.py:358] - Successfully scraped URL with requests (1112852 chars)
2025-07-05 15:14:50 - StealthScraper - INFO - [stealth_scraper.py:358] - Successfully scraped URL with requests (597913 chars)
2025-07-05 15:14:50 - StealthScraper - INFO - [stealth_scraper.py:358] - Successfully scraped URL with requests (1160767 chars)
2025-07-05 15:14:50 - StealthScraper - INFO - [stealth_scraper.py:358] - Successfully scraped URL with requests (322060 chars)
2025-07-05 15:14:50 - StealthScraper - INFO - [stealth_scraper.py:277] - Rotated stealth configuration
2025-07-05 15:14:50 - StealthScraper - INFO - [stealth_scraper.py:358] - Successfully scraped URL with requests (318232 chars)
2025-07-05 15:14:51 - StealthScraper - INFO - [stealth_scraper.py:358] - Successfully scraped URL with requests (316803 chars)
2025-07-05 15:14:51 - StealthScraper - INFO - [stealth_scraper.py:358] - Successfully scraped URL with requests (324648 chars)
2025-07-05 15:14:51 - StealthScraper - INFO - [stealth_scraper.py:358] - Successfully scraped URL with requests (387285 chars)
2025-07-05 15:14:51 - StealthScraper - INFO - [stealth_scraper.py:277] - Rotated stealth configuration
2025-07-05 15:14:51 - StealthScraper - INFO - [stealth_scraper.py:358] - Successfully scraped URL with requests (330824 chars)
2025-07-05 15:14:51 - StealthScraper - INFO - [stealth_scraper.py:358] - Successfully scraped URL with requests (335186 chars)
2025-07-05 15:14:51 - StealthScraper - INFO - [stealth_scraper.py:277] - Rotated stealth configuration
2025-07-05 15:14:51 - StealthScraper - INFO - [stealth_scraper.py:358] - Successfully scraped URL with requests (317281 chars)
2025-07-05 15:14:51 - StealthScraper - INFO - [stealth_scraper.py:358] - Successfully scraped URL with requests (139584 chars)
2025-07-05 15:14:51 - StealthScraper - INFO - [stealth_scraper.py:277] - Rotated stealth configuration
2025-07-05 15:14:51 - StealthScraper - INFO - [stealth_scraper.py:358] - Successfully scraped URL with requests (137177 chars)
2025-07-05 15:14:51 - StealthScraper - INFO - [stealth_scraper.py:358] - Successfully scraped URL with requests (138149 chars)
2025-07-05 15:14:51 - StealthScraper - INFO - [stealth_scraper.py:358] - Successfully scraped URL with requests (332826 chars)
2025-07-05 15:14:51 - StealthScraper - INFO - [stealth_scraper.py:358] - Successfully scraped URL with requests (1407395 chars)
2025-07-05 15:14:51 - StealthScraper - INFO - [stealth_scraper.py:358] - Successfully scraped URL with requests (315117 chars)
2025-07-05 15:14:51 - StealthScraper - INFO - [stealth_scraper.py:358] - Successfully scraped URL with requests (339567 chars)
2025-07-05 15:14:51 - StealthScraper - INFO - [stealth_scraper.py:358] - Successfully scraped URL with requests (315117 chars)
2025-07-05 15:14:52 - StealthScraper - INFO - [stealth_scraper.py:358] - Successfully scraped URL with requests (378850 chars)
2025-07-05 15:14:52 - StealthScraper - INFO - [stealth_scraper.py:358] - Successfully scraped URL with requests (508093 chars)
2025-07-05 15:14:52 - StealthScraper - INFO - [stealth_scraper.py:358] - Successfully scraped URL with requests (53791 chars)
2025-07-05 15:14:52 - StealthScraper - INFO - [stealth_scraper.py:358] - Successfully scraped URL with requests (331326 chars)
2025-07-05 15:14:53 - StealthScraper - INFO - [stealth_scraper.py:358] - Successfully scraped URL with requests (337809 chars)
2025-07-05 15:14:54 - StealthScraper - INFO - [stealth_scraper.py:358] - Successfully scraped URL with requests (323643 chars)
